<?xml version="1.0" encoding="UTF-8"?>
<testsuite name="SimpleBankSystemTest" tests="1" skipped="0" failures="0" errors="0" timestamp="2020-10-05T13:25:36" hostname="DESKTOP-KO211DH" time="0.802">
  <properties/>
  <testcase name="start" classname="SimpleBankSystemTest" time="0.802"/>
  <system-out><![CDATA[?[1;31m
Start test 1?[0m

1. Create an account
2. Log into account
0. Exit

> 0
Bye!
?[1;31m
Start test 2?[0m

1. Create an account
2. Log into account
0. Exit

> 0
Bye!
?[1;31m
Start test 3?[0m

1. Create an account
2. Log into account
0. Exit

> 0
Bye!
?[1;31m
Start test 4?[0m

1. Create an account
2. Log into account
0. Exit

> 0
Bye!
?[1;31m
Start test 5?[0m

1. Create an account
2. Log into account
0. Exit

> 1
Your card has been created
Your card number: 
4000001774046122
Your card PIN: 
2426

1. Create an account
2. Log into account
0. Exit

> 1
Your card has been created
Your card number: 
4000007784111244
Your card PIN: 
1856

1. Create an account
2. Log into account
0. Exit

> 1
Your card has been created
Your card number: 
4000005438087679
Your card PIN: 
3852

1. Create an account
2. Log into account
0. Exit

> 1
Your card has been created
Your card number: 
4000008864766436
Your card PIN: 
7117

1. Create an account
2. Log into account
0. Exit

> 0
Bye!
?[1;31m
Start test 6?[0m

1. Create an account
2. Log into account
0. Exit

> 1
Your card has been created
Your card number: 
4000006026770163
Your card PIN: 
6661

1. Create an account
2. Log into account
0. Exit

> 2
Enter your card number:
> 4000006026770163
Enter your PIN:
> 6661

You have successfully logged in!

1. Balance
2. Add income
3. Do transfer
4. Close account
5. Log out
0. Exit

> 0
Bye!
?[1;31m
Start test 7?[0m

1. Create an account
2. Log into account
0. Exit

> 1
Your card has been created
Your card number: 
4000008855150319
Your card PIN: 
1645

1. Create an account
2. Log into account
0. Exit

> 2
Enter your card number:
> 4000008855150319
Enter your PIN:
> 9582

Wrong card number or PIN!

1. Create an account
2. Log into account
0. Exit

> 0
Bye!
?[1;31m
Start test 8?[0m

1. Create an account
2. Log into account
0. Exit

> 1
Your card has been created
Your card number: 
4000007481608161
Your card PIN: 
7334

1. Create an account
2. Log into account
0. Exit

> 2
Enter your card number:
> 400000404838367
Enter your PIN:
> 7334

Wrong card number or PIN!

1. Create an account
2. Log into account
0. Exit

> 0
Bye!
?[1;31m
Start test 9?[0m

1. Create an account
2. Log into account
0. Exit

> 1
Your card has been created
Your card number: 
4000000170536439
Your card PIN: 
4417

1. Create an account
2. Log into account
0. Exit

> 2
Enter your card number:
> 4000000170536439
Enter your PIN:
> 4417

You have successfully logged in!

1. Balance
2. Add income
3. Do transfer
4. Close account
5. Log out
0. Exit

> 1
0

1. Balance
2. Add income
3. Do transfer
4. Close account
5. Log out
0. Exit

> 0
Bye!
?[1;31m
Start test 10?[0m

1. Create an account
2. Log into account
0. Exit

> 1
Your card has been created
Your card number: 
4000001305402174
Your card PIN: 
2628

1. Create an account
2. Log into account
0. Exit

> 2
Enter your card number:
> 4000001305402174
Enter your PIN:
> 2628

You have successfully logged in!

1. Balance
2. Add income
3. Do transfer
4. Close account
5. Log out
0. Exit

> 2
Enter income:
> 10000
Income was added!

1. Balance
2. Add income
3. Do transfer
4. Close account
5. Log out
0. Exit

> 2
Enter income:
> 15000
Income was added!

1. Balance
2. Add income
3. Do transfer
4. Close account
5. Log out
0. Exit

> 0
Bye!
?[1;31m
Start test 11?[0m

1. Create an account
2. Log into account
0. Exit

> 1
Your card has been created
Your card number: 
4000004516136441
Your card PIN: 
7756

1. Create an account
2. Log into account
0. Exit

> 2
Enter your card number:
> 4000004516136441
Enter your PIN:
> 7756

You have successfully logged in!

1. Balance
2. Add income
3. Do transfer
4. Close account
5. Log out
0. Exit

> 4
DELETE FROM card WHERE id = ?
The account has been closed!

1. Balance
2. Add income
3. Do transfer
4. Close account
5. Log out
0. Exit

> 0
Bye!
]]></system-out>
  <system-err><![CDATA[org.junit.contrib.java.lang.system.internal.CheckExitCalled: Tried to exit with status 0.
	at org.junit.contrib.java.lang.system.internal.NoExitSecurityManager.checkExit(NoExitSecurityManager.java:24)
	at java.base/java.lang.Runtime.exit(Runtime.java:114)
	at java.base/java.lang.System.exit(System.java:1749)
	at banking.BankingSystem.exit(Main.java:244)
	at banking.BankingSystem.userMenu(Main.java:178)
	at banking.BankingSystem.checkCredentials(Main.java:138)
	at banking.BankingSystem.logIn(Main.java:129)
	at banking.BankingSystem.mainMenu(Main.java:41)
	at banking.BankingSystem.createAccount(Main.java:74)
	at banking.BankingSystem.mainMenu(Main.java:37)
	at banking.Main.main(Main.java:10)
	at java.base/jdk.internal.reflect.NativeMethodAccessorImpl.invoke0(Native Method)
	at java.base/jdk.internal.reflect.NativeMethodAccessorImpl.invoke(NativeMethodAccessorImpl.java:62)
	at java.base/jdk.internal.reflect.DelegatingMethodAccessorImpl.invoke(DelegatingMethodAccessorImpl.java:43)
	at java.base/java.lang.reflect.Method.invoke(Method.java:566)
	at org.hyperskill.hstest.testing.TestedProgram.invokeMain(TestedProgram.java:152)
	at org.hyperskill.hstest.testing.TestedProgram.lambda$start$0(TestedProgram.java:201)
	at java.base/java.util.concurrent.Executors$RunnableAdapter.call(Executors.java:515)
	at java.base/java.util.concurrent.FutureTask.run(FutureTask.java:264)
	at java.base/java.util.concurrent.ThreadPoolExecutor.runWorker(ThreadPoolExecutor.java:1128)
	at java.base/java.util.concurrent.ThreadPoolExecutor$Worker.run(ThreadPoolExecutor.java:628)
	at java.base/java.lang.Thread.run(Thread.java:834)
org.junit.contrib.java.lang.system.internal.CheckExitCalled: Tried to exit with status 0.
	at org.junit.contrib.java.lang.system.internal.NoExitSecurityManager.checkExit(NoExitSecurityManager.java:24)
	at java.base/java.lang.Runtime.exit(Runtime.java:114)
	at java.base/java.lang.System.exit(System.java:1749)
	at banking.BankingSystem.exit(Main.java:244)
	at banking.BankingSystem.mainMenu(Main.java:45)
	at banking.BankingSystem.checkCredentials(Main.java:141)
	at banking.BankingSystem.logIn(Main.java:129)
	at banking.BankingSystem.mainMenu(Main.java:41)
	at banking.BankingSystem.createAccount(Main.java:74)
	at banking.BankingSystem.mainMenu(Main.java:37)
	at banking.Main.main(Main.java:10)
	at java.base/jdk.internal.reflect.NativeMethodAccessorImpl.invoke0(Native Method)
	at java.base/jdk.internal.reflect.NativeMethodAccessorImpl.invoke(NativeMethodAccessorImpl.java:62)
	at java.base/jdk.internal.reflect.DelegatingMethodAccessorImpl.invoke(DelegatingMethodAccessorImpl.java:43)
	at java.base/java.lang.reflect.Method.invoke(Method.java:566)
	at org.hyperskill.hstest.testing.TestedProgram.invokeMain(TestedProgram.java:152)
	at org.hyperskill.hstest.testing.TestedProgram.lambda$start$0(TestedProgram.java:201)
	at java.base/java.util.concurrent.Executors$RunnableAdapter.call(Executors.java:515)
	at java.base/java.util.concurrent.FutureTask.run(FutureTask.java:264)
	at java.base/java.util.concurrent.ThreadPoolExecutor.runWorker(ThreadPoolExecutor.java:1128)
	at java.base/java.util.concurrent.ThreadPoolExecutor$Worker.run(ThreadPoolExecutor.java:628)
	at java.base/java.lang.Thread.run(Thread.java:834)
org.junit.contrib.java.lang.system.internal.CheckExitCalled: Tried to exit with status 0.
	at org.junit.contrib.java.lang.system.internal.NoExitSecurityManager.checkExit(NoExitSecurityManager.java:24)
	at java.base/java.lang.Runtime.exit(Runtime.java:114)
	at java.base/java.lang.System.exit(System.java:1749)
	at banking.BankingSystem.exit(Main.java:244)
	at banking.BankingSystem.mainMenu(Main.java:45)
	at banking.BankingSystem.checkCredentials(Main.java:141)
	at banking.BankingSystem.logIn(Main.java:129)
	at banking.BankingSystem.mainMenu(Main.java:41)
	at banking.BankingSystem.createAccount(Main.java:74)
	at banking.BankingSystem.mainMenu(Main.java:37)
	at banking.Main.main(Main.java:10)
	at java.base/jdk.internal.reflect.NativeMethodAccessorImpl.invoke0(Native Method)
	at java.base/jdk.internal.reflect.NativeMethodAccessorImpl.invoke(NativeMethodAccessorImpl.java:62)
	at java.base/jdk.internal.reflect.DelegatingMethodAccessorImpl.invoke(DelegatingMethodAccessorImpl.java:43)
	at java.base/java.lang.reflect.Method.invoke(Method.java:566)
	at org.hyperskill.hstest.testing.TestedProgram.invokeMain(TestedProgram.java:152)
	at org.hyperskill.hstest.testing.TestedProgram.lambda$start$0(TestedProgram.java:201)
	at java.base/java.util.concurrent.Executors$RunnableAdapter.call(Executors.java:515)
	at java.base/java.util.concurrent.FutureTask.run(FutureTask.java:264)
	at java.base/java.util.concurrent.ThreadPoolExecutor.runWorker(ThreadPoolExecutor.java:1128)
	at java.base/java.util.concurrent.ThreadPoolExecutor$Worker.run(ThreadPoolExecutor.java:628)
	at java.base/java.lang.Thread.run(Thread.java:834)
org.junit.contrib.java.lang.system.internal.CheckExitCalled: Tried to exit with status 0.
	at org.junit.contrib.java.lang.system.internal.NoExitSecurityManager.checkExit(NoExitSecurityManager.java:24)
	at java.base/java.lang.Runtime.exit(Runtime.java:114)
	at java.base/java.lang.System.exit(System.java:1749)
	at banking.BankingSystem.exit(Main.java:244)
	at banking.BankingSystem.userMenu(Main.java:178)
	at banking.BankingSystem.userMenu(Main.java:158)
	at banking.BankingSystem.checkCredentials(Main.java:138)
	at banking.BankingSystem.logIn(Main.java:129)
	at banking.BankingSystem.mainMenu(Main.java:41)
	at banking.BankingSystem.createAccount(Main.java:74)
	at banking.BankingSystem.mainMenu(Main.java:37)
	at banking.Main.main(Main.java:10)
	at java.base/jdk.internal.reflect.NativeMethodAccessorImpl.invoke0(Native Method)
	at java.base/jdk.internal.reflect.NativeMethodAccessorImpl.invoke(NativeMethodAccessorImpl.java:62)
	at java.base/jdk.internal.reflect.DelegatingMethodAccessorImpl.invoke(DelegatingMethodAccessorImpl.java:43)
	at java.base/java.lang.reflect.Method.invoke(Method.java:566)
	at org.hyperskill.hstest.testing.TestedProgram.invokeMain(TestedProgram.java:152)
	at org.hyperskill.hstest.testing.TestedProgram.lambda$start$0(TestedProgram.java:201)
	at java.base/java.util.concurrent.Executors$RunnableAdapter.call(Executors.java:515)
	at java.base/java.util.concurrent.FutureTask.run(FutureTask.java:264)
	at java.base/java.util.concurrent.ThreadPoolExecutor.runWorker(ThreadPoolExecutor.java:1128)
	at java.base/java.util.concurrent.ThreadPoolExecutor$Worker.run(ThreadPoolExecutor.java:628)
	at java.base/java.lang.Thread.run(Thread.java:834)
org.junit.contrib.java.lang.system.internal.CheckExitCalled: Tried to exit with status 0.
	at org.junit.contrib.java.lang.system.internal.NoExitSecurityManager.checkExit(NoExitSecurityManager.java:24)
	at java.base/java.lang.Runtime.exit(Runtime.java:114)
	at java.base/java.lang.System.exit(System.java:1749)
	at banking.BankingSystem.exit(Main.java:244)
	at banking.BankingSystem.userMenu(Main.java:178)
	at banking.BankingSystem.addIncome(Main.java:194)
	at banking.BankingSystem.userMenu(Main.java:162)
	at banking.BankingSystem.addIncome(Main.java:194)
	at banking.BankingSystem.userMenu(Main.java:162)
	at banking.BankingSystem.checkCredentials(Main.java:138)
	at banking.BankingSystem.logIn(Main.java:129)
	at banking.BankingSystem.mainMenu(Main.java:41)
	at banking.BankingSystem.createAccount(Main.java:74)
	at banking.BankingSystem.mainMenu(Main.java:37)
	at banking.Main.main(Main.java:10)
	at java.base/jdk.internal.reflect.NativeMethodAccessorImpl.invoke0(Native Method)
	at java.base/jdk.internal.reflect.NativeMethodAccessorImpl.invoke(NativeMethodAccessorImpl.java:62)
	at java.base/jdk.internal.reflect.DelegatingMethodAccessorImpl.invoke(DelegatingMethodAccessorImpl.java:43)
	at java.base/java.lang.reflect.Method.invoke(Method.java:566)
	at org.hyperskill.hstest.testing.TestedProgram.invokeMain(TestedProgram.java:152)
	at org.hyperskill.hstest.testing.TestedProgram.lambda$start$0(TestedProgram.java:201)
	at java.base/java.util.concurrent.Executors$RunnableAdapter.call(Executors.java:515)
	at java.base/java.util.concurrent.FutureTask.run(FutureTask.java:264)
	at java.base/java.util.concurrent.ThreadPoolExecutor.runWorker(ThreadPoolExecutor.java:1128)
	at java.base/java.util.concurrent.ThreadPoolExecutor$Worker.run(ThreadPoolExecutor.java:628)
	at java.base/java.lang.Thread.run(Thread.java:834)
org.junit.contrib.java.lang.system.internal.CheckExitCalled: Tried to exit with status 0.
	at org.junit.contrib.java.lang.system.internal.NoExitSecurityManager.checkExit(NoExitSecurityManager.java:24)
	at java.base/java.lang.Runtime.exit(Runtime.java:114)
	at java.base/java.lang.System.exit(System.java:1749)
	at banking.BankingSystem.exit(Main.java:244)
	at banking.BankingSystem.userMenu(Main.java:178)
	at banking.BankingSystem.closeAccount(Main.java:233)
	at banking.BankingSystem.userMenu(Main.java:170)
	at banking.BankingSystem.checkCredentials(Main.java:138)
	at banking.BankingSystem.logIn(Main.java:129)
	at banking.BankingSystem.mainMenu(Main.java:41)
	at banking.BankingSystem.createAccount(Main.java:74)
	at banking.BankingSystem.mainMenu(Main.java:37)
	at banking.Main.main(Main.java:10)
	at java.base/jdk.internal.reflect.NativeMethodAccessorImpl.invoke0(Native Method)
	at java.base/jdk.internal.reflect.NativeMethodAccessorImpl.invoke(NativeMethodAccessorImpl.java:62)
	at java.base/jdk.internal.reflect.DelegatingMethodAccessorImpl.invoke(DelegatingMethodAccessorImpl.java:43)
	at java.base/java.lang.reflect.Method.invoke(Method.java:566)
	at org.hyperskill.hstest.testing.TestedProgram.invokeMain(TestedProgram.java:152)
	at org.hyperskill.hstest.testing.TestedProgram.lambda$start$0(TestedProgram.java:201)
	at java.base/java.util.concurrent.Executors$RunnableAdapter.call(Executors.java:515)
	at java.base/java.util.concurrent.FutureTask.run(FutureTask.java:264)
	at java.base/java.util.concurrent.ThreadPoolExecutor.runWorker(ThreadPoolExecutor.java:1128)
	at java.base/java.util.concurrent.ThreadPoolExecutor$Worker.run(ThreadPoolExecutor.java:628)
	at java.base/java.lang.Thread.run(Thread.java:834)
]]></system-err>
</testsuite>
